<?xml version="1.0" encoding="UTF-8"?>
<testsuites>
  <testsuite name="appserver-io/appserver PHPUnit testsuite" tests="105" assertions="183" failures="0" errors="0" time="1.034070">
    <testsuite name="AppserverIo\Appserver\Application\ApplicationTest" file="/home/zelgerj/Repositories/appserver-io.appserver/tests/AppserverIo/Appserver/Application/ApplicationTest.php" namespace="AppserverIo\Appserver\Application" fullPackage="Appserver.Application" category="Server" package="Appserver" subpackage="Application" tests="26" assertions="33" failures="0" errors="0" time="0.033060">
      <testcase name="testConstructor" class="AppserverIo\Appserver\Application\ApplicationTest" file="/home/zelgerj/Repositories/appserver-io.appserver/tests/AppserverIo/Appserver/Application/ApplicationTest.php" line="194" assertions="1" time="0.005337"/>
      <testcase name="testGetName" class="AppserverIo\Appserver\Application\ApplicationTest" file="/home/zelgerj/Repositories/appserver-io.appserver/tests/AppserverIo/Appserver/Application/ApplicationTest.php" line="204" assertions="1" time="0.003702"/>
      <testcase name="testGetAppBase" class="AppserverIo\Appserver\Application\ApplicationTest" file="/home/zelgerj/Repositories/appserver-io.appserver/tests/AppserverIo/Appserver/Application/ApplicationTest.php" line="214" assertions="1" time="0.000574"/>
      <testcase name="testGetSessionDir" class="AppserverIo\Appserver\Application\ApplicationTest" file="/home/zelgerj/Repositories/appserver-io.appserver/tests/AppserverIo/Appserver/Application/ApplicationTest.php" line="224" assertions="1" time="0.000455"/>
      <testcase name="testGetCacheDir" class="AppserverIo\Appserver\Application\ApplicationTest" file="/home/zelgerj/Repositories/appserver-io.appserver/tests/AppserverIo/Appserver/Application/ApplicationTest.php" line="235" assertions="1" time="0.000450"/>
      <testcase name="testInjectGetInitialContext" class="AppserverIo\Appserver\Application\ApplicationTest" file="/home/zelgerj/Repositories/appserver-io.appserver/tests/AppserverIo/Appserver/Application/ApplicationTest.php" line="246" assertions="1" time="0.004745"/>
      <testcase name="testInjectGetManagers" class="AppserverIo\Appserver\Application\ApplicationTest" file="/home/zelgerj/Repositories/appserver-io.appserver/tests/AppserverIo/Appserver/Application/ApplicationTest.php" line="265" assertions="1" time="0.000447"/>
      <testcase name="testInjectGetVirtualHosts" class="AppserverIo\Appserver\Application\ApplicationTest" file="/home/zelgerj/Repositories/appserver-io.appserver/tests/AppserverIo/Appserver/Application/ApplicationTest.php" line="275" assertions="1" time="0.000469"/>
      <testcase name="testInjectGetClassLoaders" class="AppserverIo\Appserver\Application\ApplicationTest" file="/home/zelgerj/Repositories/appserver-io.appserver/tests/AppserverIo/Appserver/Application/ApplicationTest.php" line="285" assertions="1" time="0.000464"/>
      <testcase name="testNewInstance" class="AppserverIo\Appserver\Application\ApplicationTest" file="/home/zelgerj/Repositories/appserver-io.appserver/tests/AppserverIo/Appserver/Application/ApplicationTest.php" line="295" assertions="0" time="0.000450"/>
      <testcase name="testNewService" class="AppserverIo\Appserver\Application\ApplicationTest" file="/home/zelgerj/Repositories/appserver-io.appserver/tests/AppserverIo/Appserver/Application/ApplicationTest.php" line="319" assertions="2" time="0.004425"/>
      <testcase name="testGetBaseDirectory" class="AppserverIo\Appserver\Application\ApplicationTest" file="/home/zelgerj/Repositories/appserver-io.appserver/tests/AppserverIo/Appserver/Application/ApplicationTest.php" line="341" assertions="1" time="0.000587"/>
      <testcase name="testGetBaseDirectoryWithDirectoryToAppend" class="AppserverIo\Appserver\Application\ApplicationTest" file="/home/zelgerj/Repositories/appserver-io.appserver/tests/AppserverIo/Appserver/Application/ApplicationTest.php" line="351" assertions="1" time="0.000483"/>
      <testcase name="testGetWebappPath" class="AppserverIo\Appserver\Application\ApplicationTest" file="/home/zelgerj/Repositories/appserver-io.appserver/tests/AppserverIo/Appserver/Application/ApplicationTest.php" line="366" assertions="1" time="0.000548"/>
      <testcase name="testIsVhostOf" class="AppserverIo\Appserver\Application\ApplicationTest" file="/home/zelgerj/Repositories/appserver-io.appserver/tests/AppserverIo/Appserver/Application/ApplicationTest.php" line="381" assertions="2" time="0.001464"/>
      <testcase name="testIsVhostOfIsFalse" class="AppserverIo\Appserver\Application\ApplicationTest" file="/home/zelgerj/Repositories/appserver-io.appserver/tests/AppserverIo/Appserver/Application/ApplicationTest.php" line="405" assertions="1" time="0.000601"/>
      <testcase name="testAddClassLoader" class="AppserverIo\Appserver\Application\ApplicationTest" file="/home/zelgerj/Repositories/appserver-io.appserver/tests/AppserverIo/Appserver/Application/ApplicationTest.php" line="415" assertions="1" time="0.000522"/>
      <testcase name="testSetGetAttribute" class="AppserverIo\Appserver\Application\ApplicationTest" file="/home/zelgerj/Repositories/appserver-io.appserver/tests/AppserverIo/Appserver/Application/ApplicationTest.php" line="428" assertions="1" time="0.000740"/>
      <testcase name="testAddManager" class="AppserverIo\Appserver\Application\ApplicationTest" file="/home/zelgerj/Repositories/appserver-io.appserver/tests/AppserverIo/Appserver/Application/ApplicationTest.php" line="439" assertions="2" time="0.002512"/>
      <testcase name="testGetInvalidManager" class="AppserverIo\Appserver\Application\ApplicationTest" file="/home/zelgerj/Repositories/appserver-io.appserver/tests/AppserverIo/Appserver/Application/ApplicationTest.php" line="469" assertions="1" time="0.000635"/>
      <testcase name="testGetManagers" class="AppserverIo\Appserver\Application\ApplicationTest" file="/home/zelgerj/Repositories/appserver-io.appserver/tests/AppserverIo/Appserver/Application/ApplicationTest.php" line="479" assertions="5" time="0.000742"/>
      <testcase name="testRegisterClassLoaders" class="AppserverIo\Appserver\Application\ApplicationTest" file="/home/zelgerj/Repositories/appserver-io.appserver/tests/AppserverIo/Appserver/Application/ApplicationTest.php" line="531" assertions="1" time="0.000681"/>
      <testcase name="testInitializeManagers" class="AppserverIo\Appserver\Application\ApplicationTest" file="/home/zelgerj/Repositories/appserver-io.appserver/tests/AppserverIo/Appserver/Application/ApplicationTest.php" line="547" assertions="2" time="0.000579"/>
      <testcase name="testGetUser" class="AppserverIo\Appserver\Application\ApplicationTest" file="/home/zelgerj/Repositories/appserver-io.appserver/tests/AppserverIo/Appserver/Application/ApplicationTest.php" line="580" assertions="1" time="0.000541"/>
      <testcase name="testGetGroup" class="AppserverIo\Appserver\Application\ApplicationTest" file="/home/zelgerj/Repositories/appserver-io.appserver/tests/AppserverIo/Appserver/Application/ApplicationTest.php" line="590" assertions="1" time="0.000434"/>
      <testcase name="testGetUmask" class="AppserverIo\Appserver\Application\ApplicationTest" file="/home/zelgerj/Repositories/appserver-io.appserver/tests/AppserverIo/Appserver/Application/ApplicationTest.php" line="600" assertions="1" time="0.000472"/>
    </testsuite>
    <testsuite name="AppserverIo\Appserver\Application\VirtualHostTest" file="/home/zelgerj/Repositories/appserver-io.appserver/tests/AppserverIo/Appserver/Application/VirtualHostTest.php" namespace="AppserverIo\Appserver\Application" fullPackage="Appserver.Application" category="Server" package="Appserver" subpackage="Application" tests="2" assertions="4" failures="0" errors="0" time="0.003042">
      <testcase name="testConstructor" class="AppserverIo\Appserver\Application\VirtualHostTest" file="/home/zelgerj/Repositories/appserver-io.appserver/tests/AppserverIo/Appserver/Application/VirtualHostTest.php" line="77" assertions="2" time="0.000410"/>
      <testcase name="testMatch" class="AppserverIo\Appserver\Application\VirtualHostTest" file="/home/zelgerj/Repositories/appserver-io.appserver/tests/AppserverIo/Appserver/Application/VirtualHostTest.php" line="88" assertions="2" time="0.002632"/>
    </testsuite>
    <testsuite name="AppserverIo\Appserver\Core\AbstractContextThreadTest" file="/home/zelgerj/Repositories/appserver-io.appserver/tests/AppserverIo/Appserver/Core/AbstractContextThreadTest.php" namespace="AppserverIo\Appserver\Core" fullPackage="AppserverIo" package="AppserverIo" tests="2" assertions="2" failures="0" errors="0" time="0.059049">
      <testcase name="testGetInitialContext" class="AppserverIo\Appserver\Core\AbstractContextThreadTest" file="/home/zelgerj/Repositories/appserver-io.appserver/tests/AppserverIo/Appserver/Core/AbstractContextThreadTest.php" line="52" assertions="1" time="0.039179"/>
      <testcase name="testNewInstance" class="AppserverIo\Appserver\Core\AbstractContextThreadTest" file="/home/zelgerj/Repositories/appserver-io.appserver/tests/AppserverIo/Appserver/Core/AbstractContextThreadTest.php" line="62" assertions="1" time="0.019870"/>
    </testsuite>
    <testsuite name="AppserverIo\Appserver\Core\AbstractDeploymentTest" file="/home/zelgerj/Repositories/appserver-io.appserver/tests/AppserverIo/Appserver/Core/AbstractDeploymentTest.php" namespace="AppserverIo\Appserver\Core" fullPackage="AppserverIo" package="AppserverIo" tests="1" assertions="1" failures="0" errors="0" time="0.027495">
      <testcase name="testNewInstance" class="AppserverIo\Appserver\Core\AbstractDeploymentTest" file="/home/zelgerj/Repositories/appserver-io.appserver/tests/AppserverIo/Appserver/Core/AbstractDeploymentTest.php" line="49" assertions="1" time="0.027495"/>
    </testsuite>
    <testsuite name="AppserverIo\Appserver\Core\AbstractThreadTest" file="/home/zelgerj/Repositories/appserver-io.appserver/tests/AppserverIo/Appserver/Core/AbstractThreadTest.php" namespace="AppserverIo\Appserver\Core" fullPackage="AppserverIo" package="AppserverIo" tests="2" assertions="2" failures="0" errors="0" time="0.000719">
      <testcase name="testConstructor" class="AppserverIo\Appserver\Core\AbstractThreadTest" file="/home/zelgerj/Repositories/appserver-io.appserver/tests/AppserverIo/Appserver/Core/AbstractThreadTest.php" line="34" assertions="1" time="0.000525"/>
      <testcase name="testMain" class="AppserverIo\Appserver\Core\AbstractThreadTest" file="/home/zelgerj/Repositories/appserver-io.appserver/tests/AppserverIo/Appserver/Core/AbstractThreadTest.php" line="45" assertions="1" time="0.000194"/>
    </testsuite>
    <testsuite name="AppserverIo\Appserver\Core\AbstractServiceTest" file="/home/zelgerj/Repositories/appserver-io.appserver/tests/AppserverIo/Appserver/Core/Api/AbstractServiceTest.php" namespace="AppserverIo\Appserver\Core" fullPackage="AppserverIo" package="AppserverIo" tests="5" assertions="5" failures="0" errors="0" time="0.108337">
      <testcase name="testGetInitialContext" class="AppserverIo\Appserver\Core\AbstractServiceTest" file="/home/zelgerj/Repositories/appserver-io.appserver/tests/AppserverIo/Appserver/Core/Api/AbstractServiceTest.php" line="50" assertions="1" time="0.020485"/>
      <testcase name="testGetSystemConfiguration" class="AppserverIo\Appserver\Core\AbstractServiceTest" file="/home/zelgerj/Repositories/appserver-io.appserver/tests/AppserverIo/Appserver/Core/Api/AbstractServiceTest.php" line="60" assertions="1" time="0.021994"/>
      <testcase name="testGetSetSystemConfiguration" class="AppserverIo\Appserver\Core\AbstractServiceTest" file="/home/zelgerj/Repositories/appserver-io.appserver/tests/AppserverIo/Appserver/Core/Api/AbstractServiceTest.php" line="70" assertions="1" time="0.019164"/>
      <testcase name="testNewInstance" class="AppserverIo\Appserver\Core\AbstractServiceTest" file="/home/zelgerj/Repositories/appserver-io.appserver/tests/AppserverIo/Appserver/Core/Api/AbstractServiceTest.php" line="82" assertions="1" time="0.022399"/>
      <testcase name="testNewService" class="AppserverIo\Appserver\Core\AbstractServiceTest" file="/home/zelgerj/Repositories/appserver-io.appserver/tests/AppserverIo/Appserver/Core/Api/AbstractServiceTest.php" line="97" assertions="1" time="0.024295"/>
    </testsuite>
    <testsuite name="AppserverIo\Appserver\Core\AppServiceTest" file="/home/zelgerj/Repositories/appserver-io.appserver/tests/AppserverIo/Appserver/Core/Api/AppServiceTest.php" namespace="AppserverIo\Appserver\Core" fullPackage="AppserverIo" package="AppserverIo" tests="4" assertions="4" failures="0" errors="0" time="0.096743">
      <testcase name="testFindAll" class="AppserverIo\Appserver\Core\AppServiceTest" file="/home/zelgerj/Repositories/appserver-io.appserver/tests/AppserverIo/Appserver/Core/Api/AppServiceTest.php" line="50" assertions="1" time="0.024375"/>
      <testcase name="testFindAllByName" class="AppserverIo\Appserver\Core\AppServiceTest" file="/home/zelgerj/Repositories/appserver-io.appserver/tests/AppserverIo/Appserver/Core/Api/AppServiceTest.php" line="60" assertions="1" time="0.024113"/>
      <testcase name="testLoad" class="AppserverIo\Appserver\Core\AppServiceTest" file="/home/zelgerj/Repositories/appserver-io.appserver/tests/AppserverIo/Appserver/Core/Api/AppServiceTest.php" line="70" assertions="1" time="0.023950"/>
      <testcase name="testLoadWithInvalidPrimaryKey" class="AppserverIo\Appserver\Core\AppServiceTest" file="/home/zelgerj/Repositories/appserver-io.appserver/tests/AppserverIo/Appserver/Core/Api/AppServiceTest.php" line="85" assertions="1" time="0.024305"/>
    </testsuite>
    <testsuite name="AppserverIo\Appserver\Core\ContainerServiceTest" file="/home/zelgerj/Repositories/appserver-io.appserver/tests/AppserverIo/Appserver/Core/Api/ContainerServiceTest.php" namespace="AppserverIo\Appserver\Core" fullPackage="AppserverIo" package="AppserverIo" tests="2" assertions="2" failures="0" errors="0" time="0.049461">
      <testcase name="testGetBaseDirectory" class="AppserverIo\Appserver\Core\ContainerServiceTest" file="/home/zelgerj/Repositories/appserver-io.appserver/tests/AppserverIo/Appserver/Core/Api/ContainerServiceTest.php" line="50" assertions="1" time="0.024836"/>
      <testcase name="testGetBaseDirectoryWithDirectoryToAppend" class="AppserverIo\Appserver\Core\ContainerServiceTest" file="/home/zelgerj/Repositories/appserver-io.appserver/tests/AppserverIo/Appserver/Core/Api/ContainerServiceTest.php" line="61" assertions="1" time="0.024625"/>
    </testsuite>
    <testsuite name="AppserverIo\Appserver\Core\Api\Node\AbstractParamsNodeTest" file="/home/zelgerj/Repositories/appserver-io.appserver/tests/AppserverIo/Appserver/Core/Api/Node/AbstractParamsNodeTest.php" namespace="AppserverIo\Appserver\Core\Api\Node" fullPackage="AppserverIo" package="AppserverIo" tests="5" assertions="5" failures="0" errors="0" time="0.010053">
      <testcase name="testGetParamWithIntegerValue" class="AppserverIo\Appserver\Core\Api\Node\AbstractParamsNodeTest" file="/home/zelgerj/Repositories/appserver-io.appserver/tests/AppserverIo/Appserver/Core/Api/Node/AbstractParamsNodeTest.php" line="51" assertions="1" time="0.002077"/>
      <testcase name="testGetParamWithStringValue" class="AppserverIo\Appserver\Core\Api\Node\AbstractParamsNodeTest" file="/home/zelgerj/Repositories/appserver-io.appserver/tests/AppserverIo/Appserver/Core/Api/Node/AbstractParamsNodeTest.php" line="62" assertions="1" time="0.001863"/>
      <testcase name="testGetParamWithInvalidName" class="AppserverIo\Appserver\Core\Api\Node\AbstractParamsNodeTest" file="/home/zelgerj/Repositories/appserver-io.appserver/tests/AppserverIo/Appserver/Core/Api/Node/AbstractParamsNodeTest.php" line="73" assertions="1" time="0.002120"/>
      <testcase name="testGetParams" class="AppserverIo\Appserver\Core\Api\Node\AbstractParamsNodeTest" file="/home/zelgerj/Repositories/appserver-io.appserver/tests/AppserverIo/Appserver/Core/Api/Node/AbstractParamsNodeTest.php" line="83" assertions="1" time="0.002070"/>
      <testcase name="testGetParamsAsArray" class="AppserverIo\Appserver\Core\Api\Node\AbstractParamsNodeTest" file="/home/zelgerj/Repositories/appserver-io.appserver/tests/AppserverIo/Appserver/Core/Api/Node/AbstractParamsNodeTest.php" line="94" assertions="1" time="0.001923"/>
    </testsuite>
    <testsuite name="AppserverIo\Appserver\Core\Api\Node\AppserverNodeTest" file="/home/zelgerj/Repositories/appserver-io.appserver/tests/AppserverIo/Appserver/Core/Api/Node/AppserverNodeTest.php" namespace="AppserverIo\Appserver\Core\Api\Node" fullPackage="AppserverIo" package="AppserverIo" tests="8" assertions="8" failures="0" errors="0" time="0.220199">
      <testcase name="testGetBaseDirectory" class="AppserverIo\Appserver\Core\Api\Node\AppserverNodeTest" file="/home/zelgerj/Repositories/appserver-io.appserver/tests/AppserverIo/Appserver/Core/Api/Node/AppserverNodeTest.php" line="49" assertions="1" time="0.024820"/>
      <testcase name="testExportToConfiguration" class="AppserverIo\Appserver\Core\Api\Node\AppserverNodeTest" file="/home/zelgerj/Repositories/appserver-io.appserver/tests/AppserverIo/Appserver/Core/Api/Node/AppserverNodeTest.php" line="60" assertions="1" time="0.047923"/>
      <testcase name="testGetInitialContext" class="AppserverIo\Appserver\Core\Api\Node\AppserverNodeTest" file="/home/zelgerj/Repositories/appserver-io.appserver/tests/AppserverIo/Appserver/Core/Api/Node/AppserverNodeTest.php" line="71" assertions="1" time="0.024494"/>
      <testcase name="testGetContainers" class="AppserverIo\Appserver\Core\Api\Node\AppserverNodeTest" file="/home/zelgerj/Repositories/appserver-io.appserver/tests/AppserverIo/Appserver/Core/Api/Node/AppserverNodeTest.php" line="82" assertions="1" time="0.025205"/>
      <testcase name="testGetApps" class="AppserverIo\Appserver\Core\Api\Node\AppserverNodeTest" file="/home/zelgerj/Repositories/appserver-io.appserver/tests/AppserverIo/Appserver/Core/Api/Node/AppserverNodeTest.php" line="93" assertions="1" time="0.024211"/>
      <testcase name="testGetDatasources" class="AppserverIo\Appserver\Core\Api\Node\AppserverNodeTest" file="/home/zelgerj/Repositories/appserver-io.appserver/tests/AppserverIo/Appserver/Core/Api/Node/AppserverNodeTest.php" line="104" assertions="1" time="0.024261"/>
      <testcase name="testAttachApp" class="AppserverIo\Appserver\Core\Api\Node\AppserverNodeTest" file="/home/zelgerj/Repositories/appserver-io.appserver/tests/AppserverIo/Appserver/Core/Api/Node/AppserverNodeTest.php" line="115" assertions="1" time="0.024079"/>
      <testcase name="testAttachDatasource" class="AppserverIo\Appserver\Core\Api\Node\AppserverNodeTest" file="/home/zelgerj/Repositories/appserver-io.appserver/tests/AppserverIo/Appserver/Core/Api/Node/AppserverNodeTest.php" line="131" assertions="1" time="0.025207"/>
    </testsuite>
    <testsuite name="AppserverIo\Appserver\Core\ContainerThreadTest" file="/home/zelgerj/Repositories/appserver-io.appserver/tests/AppserverIo/Appserver/Core/ContainerThreadTest.php" namespace="AppserverIo\Appserver\Core" fullPackage="AppserverIo" package="AppserverIo" tests="2" assertions="2" failures="0" errors="0" time="0.062590">
      <testcase name="testGetDeployment" class="AppserverIo\Appserver\Core\ContainerThreadTest" file="/home/zelgerj/Repositories/appserver-io.appserver/tests/AppserverIo/Appserver/Core/ContainerThreadTest.php" line="54" assertions="1" time="0.032450"/>
      <testcase name="testNewInstance" class="AppserverIo\Appserver\Core\ContainerThreadTest" file="/home/zelgerj/Repositories/appserver-io.appserver/tests/AppserverIo/Appserver/Core/ContainerThreadTest.php" line="64" assertions="1" time="0.030140"/>
    </testsuite>
    <testsuite name="AppserverIo\Appserver\Core\InitialContextTest" file="/home/zelgerj/Repositories/appserver-io.appserver/tests/AppserverIo/Appserver/Core/InitialContextTest.php" namespace="AppserverIo\Appserver\Core" fullPackage="AppserverIo" package="AppserverIo" tests="7" assertions="9" failures="0" errors="0" time="0.175531">
      <testcase name="testGetStorage" class="AppserverIo\Appserver\Core\InitialContextTest" file="/home/zelgerj/Repositories/appserver-io.appserver/tests/AppserverIo/Appserver/Core/InitialContextTest.php" line="47" assertions="1" time="0.024520"/>
      <testcase name="testGetClassLoader" class="AppserverIo\Appserver\Core\InitialContextTest" file="/home/zelgerj/Repositories/appserver-io.appserver/tests/AppserverIo/Appserver/Core/InitialContextTest.php" line="57" assertions="1" time="0.024582"/>
      <testcase name="testGetSetAttributeWithSimpleDataType" class="AppserverIo\Appserver\Core\InitialContextTest" file="/home/zelgerj/Repositories/appserver-io.appserver/tests/AppserverIo/Appserver/Core/InitialContextTest.php" line="67" assertions="1" time="0.023949"/>
      <testcase name="testRemoveAttribute" class="AppserverIo\Appserver\Core\InitialContextTest" file="/home/zelgerj/Repositories/appserver-io.appserver/tests/AppserverIo/Appserver/Core/InitialContextTest.php" line="79" assertions="2" time="0.024823"/>
      <testcase name="testGetSetAttributeWithObject" class="AppserverIo\Appserver\Core\InitialContextTest" file="/home/zelgerj/Repositories/appserver-io.appserver/tests/AppserverIo/Appserver/Core/InitialContextTest.php" line="93" assertions="1" time="0.025353"/>
      <testcase name="testNewInstanceWithArgument" class="AppserverIo\Appserver\Core\InitialContextTest" file="/home/zelgerj/Repositories/appserver-io.appserver/tests/AppserverIo/Appserver/Core/InitialContextTest.php" line="106" assertions="2" time="0.026545"/>
      <testcase name="testNewReflectionClass" class="AppserverIo\Appserver\Core\InitialContextTest" file="/home/zelgerj/Repositories/appserver-io.appserver/tests/AppserverIo/Appserver/Core/InitialContextTest.php" line="120" assertions="1" time="0.025759"/>
    </testsuite>
    <testsuite name="AppserverIo\Appserver\Core\ServerTest" file="/home/zelgerj/Repositories/appserver-io.appserver/tests/AppserverIo/Appserver/Core/ServerTest.php" namespace="AppserverIo\Appserver\Core" fullPackage="AppserverIo" package="AppserverIo" tests="5" assertions="6" failures="0" errors="0" time="0.164536">
      <testcase name="testGetInitialContext" class="AppserverIo\Appserver\Core\ServerTest" file="/home/zelgerj/Repositories/appserver-io.appserver/tests/AppserverIo/Appserver/Core/ServerTest.php" line="64" assertions="1" time="0.030868"/>
      <testcase name="testGetSystemLogger" class="AppserverIo\Appserver\Core\ServerTest" file="/home/zelgerj/Repositories/appserver-io.appserver/tests/AppserverIo/Appserver/Core/ServerTest.php" line="74" assertions="1" time="0.025017"/>
      <testcase name="testGetSystemConfiguration" class="AppserverIo\Appserver\Core\ServerTest" file="/home/zelgerj/Repositories/appserver-io.appserver/tests/AppserverIo/Appserver/Core/ServerTest.php" line="84" assertions="1" time="0.027056"/>
      <testcase name="testStart" class="AppserverIo\Appserver\Core\ServerTest" file="/home/zelgerj/Repositories/appserver-io.appserver/tests/AppserverIo/Appserver/Core/ServerTest.php" line="94" assertions="2" time="0.055307"/>
      <testcase name="testNewInstance" class="AppserverIo\Appserver\Core\ServerTest" file="/home/zelgerj/Repositories/appserver-io.appserver/tests/AppserverIo/Appserver/Core/ServerTest.php" line="127" assertions="1" time="0.026288"/>
    </testsuite>
    <testsuite name="AppserverIo\Appserver\Core\VhostTest" file="/home/zelgerj/Repositories/appserver-io.appserver/tests/AppserverIo/Appserver/Core/VhostTest.php" namespace="AppserverIo\Appserver\Core" fullPackage="AppserverIo" package="AppserverIo" tests="1" assertions="3" failures="0" errors="0" time="0.000478">
      <testcase name="testConstructor" class="AppserverIo\Appserver\Core\VhostTest" file="/home/zelgerj/Repositories/appserver-io.appserver/tests/AppserverIo/Appserver/Core/VhostTest.php" line="30" assertions="3" time="0.000478"/>
    </testsuite>
    <testsuite name="AppserverIo\Appserver\DependencyInjectionContainer\ProviderTest" file="/home/zelgerj/Repositories/appserver-io.appserver/tests/AppserverIo/Appserver/DependencyInjectionContainer/ProviderTest.php" namespace="AppserverIo\Appserver\DependencyInjectionContainer" fullPackage="Appserver.Application" category="Server" package="Appserver" subpackage="Application" tests="1" assertions="1" failures="0" errors="0" time="0.001191">
      <testcase name="testDummy" class="AppserverIo\Appserver\DependencyInjectionContainer\ProviderTest" file="/home/zelgerj/Repositories/appserver-io.appserver/tests/AppserverIo/Appserver/DependencyInjectionContainer/ProviderTest.php" line="63" assertions="1" time="0.001191"/>
    </testsuite>
    <testsuite name="AppserverIo\Appserver\MemcacheProtocol\MemcacheRequestTest" file="/home/zelgerj/Repositories/appserver-io.appserver/tests/AppserverIo/Appserver/MemcacheProtocol/MemcacheRequestTest.php" namespace="AppserverIo\Appserver\MemcacheProtocol" fullPackage="Psr.MemcacheProtocol" category="Appserver" package="Psr" subpackage="MemcacheProtocol" tests="5" assertions="22" failures="0" errors="0" time="0.002140">
      <testcase name="testPushSimpleString" class="AppserverIo\Appserver\MemcacheProtocol\MemcacheRequestTest" file="/home/zelgerj/Repositories/appserver-io.appserver/tests/AppserverIo/Appserver/MemcacheProtocol/MemcacheRequestTest.php" line="65" assertions="5" time="0.001370"/>
      <testcase name="testPushStringWithNewLineAndLeadingWhitespace" class="AppserverIo\Appserver\MemcacheProtocol\MemcacheRequestTest" file="/home/zelgerj/Repositories/appserver-io.appserver/tests/AppserverIo/Appserver/MemcacheProtocol/MemcacheRequestTest.php" line="89" assertions="5" time="0.000199"/>
      <testcase name="testPushStringWithNewLineAndEndingWhitespace" class="AppserverIo\Appserver\MemcacheProtocol\MemcacheRequestTest" file="/home/zelgerj/Repositories/appserver-io.appserver/tests/AppserverIo/Appserver/MemcacheProtocol/MemcacheRequestTest.php" line="117" assertions="5" time="0.000193"/>
      <testcase name="testPushStringWithInlineNewLine" class="AppserverIo\Appserver\MemcacheProtocol\MemcacheRequestTest" file="/home/zelgerj/Repositories/appserver-io.appserver/tests/AppserverIo/Appserver/MemcacheProtocol/MemcacheRequestTest.php" line="145" assertions="5" time="0.000196"/>
      <testcase name="testIncrementWithValue" class="AppserverIo\Appserver\MemcacheProtocol\MemcacheRequestTest" file="/home/zelgerj/Repositories/appserver-io.appserver/tests/AppserverIo/Appserver/MemcacheProtocol/MemcacheRequestTest.php" line="187" assertions="2" time="0.000182"/>
    </testsuite>
    <testsuite name="AppserverIo\Appserver\MemcacheServer\MemcacheServerTest" file="/home/zelgerj/Repositories/appserver-io.appserver/tests/AppserverIo/Appserver/MemcacheServer/MemcacheServerTest.php" namespace="AppserverIo\Appserver\MemcacheServer" fullPackage="Appserver.Application" category="Server" package="Appserver" subpackage="Application" tests="3" assertions="6" failures="0" errors="0" time="0.005035">
      <testcase name="testIncrementRequestWithNotExistentKey" class="AppserverIo\Appserver\MemcacheServer\MemcacheServerTest" file="/home/zelgerj/Repositories/appserver-io.appserver/tests/AppserverIo/Appserver/MemcacheServer/MemcacheServerTest.php" line="50" assertions="2" time="0.003742"/>
      <testcase name="testIncrementRequestWithNumericValue" class="AppserverIo\Appserver\MemcacheServer\MemcacheServerTest" file="/home/zelgerj/Repositories/appserver-io.appserver/tests/AppserverIo/Appserver/MemcacheServer/MemcacheServerTest.php" line="81" assertions="2" time="0.000673"/>
      <testcase name="testIncrementRequestWithoutValue" class="AppserverIo\Appserver\MemcacheServer\MemcacheServerTest" file="/home/zelgerj/Repositories/appserver-io.appserver/tests/AppserverIo/Appserver/MemcacheServer/MemcacheServerTest.php" line="115" assertions="2" time="0.000620"/>
    </testsuite>
    <testsuite name="AppserverIo\Appserver\MessageQueue\DummyTest" file="/home/zelgerj/Repositories/appserver-io.appserver/tests/AppserverIo/Appserver/MessageQueue/DummyTest.php" namespace="AppserverIo\Appserver\MessageQueue" fullPackage="Appserver.Application" category="Server" package="Appserver" subpackage="Application" tests="1" assertions="1" failures="0" errors="0" time="0.000187">
      <testcase name="testDummy" class="AppserverIo\Appserver\MessageQueue\DummyTest" file="/home/zelgerj/Repositories/appserver-io.appserver/tests/AppserverIo/Appserver/MessageQueue/DummyTest.php" line="36" assertions="1" time="0.000187"/>
    </testsuite>
    <testsuite name="AppserverIo\Appserver\Naming\EnterpriseBeanResourceIdentifierTest" file="/home/zelgerj/Repositories/appserver-io.appserver/tests/AppserverIo/Appserver/Naming/EnterpriseBeanResourceIdentifierTest.php" namespace="AppserverIo\Appserver\Naming" fullPackage="Appserver.Application" category="Library" package="Appserver" subpackage="Application" tests="1" assertions="1" failures="0" errors="0" time="0.001149">
      <testcase name="testDummy" class="AppserverIo\Appserver\Naming\EnterpriseBeanResourceIdentifierTest" file="/home/zelgerj/Repositories/appserver-io.appserver/tests/AppserverIo/Appserver/Naming/EnterpriseBeanResourceIdentifierTest.php" line="61" assertions="1" time="0.001149"/>
    </testsuite>
    <testsuite name="AppserverIo\Appserver\Naming\InitialContextTest" file="/home/zelgerj/Repositories/appserver-io.appserver/tests/AppserverIo/Appserver/Naming/InitialContextTest.php" namespace="AppserverIo\Appserver\Naming" fullPackage="Appserver.Application" category="Server" package="Appserver" subpackage="Application" tests="11" assertions="45" failures="0" errors="0" time="0.007533">
      <testcase name="testWithDefaultPropertiesPopulatedWithGlobalScopeAndRemoteInterface" class="AppserverIo\Appserver\Naming\InitialContextTest" file="/home/zelgerj/Repositories/appserver-io.appserver/tests/AppserverIo/Appserver/Naming/InitialContextTest.php" line="169" assertions="5" time="0.004701"/>
      <testcase name="testPopulateWithClassNameOnly" class="AppserverIo\Appserver\Naming\InitialContextTest" file="/home/zelgerj/Repositories/appserver-io.appserver/tests/AppserverIo/Appserver/Naming/InitialContextTest.php" line="198" assertions="4" time="0.000253"/>
      <testcase name="testPopulateWithClassNameWithLocalInterface" class="AppserverIo\Appserver\Naming\InitialContextTest" file="/home/zelgerj/Repositories/appserver-io.appserver/tests/AppserverIo/Appserver/Naming/InitialContextTest.php" line="217" assertions="4" time="0.000265"/>
      <testcase name="testPopulateWithClassNameWithRemoteInterface" class="AppserverIo\Appserver\Naming\InitialContextTest" file="/home/zelgerj/Repositories/appserver-io.appserver/tests/AppserverIo/Appserver/Naming/InitialContextTest.php" line="236" assertions="4" time="0.000266"/>
      <testcase name="testPopulateGlobalScopeWithRemoteInterface" class="AppserverIo\Appserver\Naming\InitialContextTest" file="/home/zelgerj/Repositories/appserver-io.appserver/tests/AppserverIo/Appserver/Naming/InitialContextTest.php" line="255" assertions="4" time="0.000283"/>
      <testcase name="testPopulateGlobalScopeWithRemoteInterfaceAndMinusInApplicationName" class="AppserverIo\Appserver\Naming\InitialContextTest" file="/home/zelgerj/Repositories/appserver-io.appserver/tests/AppserverIo/Appserver/Naming/InitialContextTest.php" line="274" assertions="4" time="0.000283"/>
      <testcase name="testPopulateGlobalScopeWithLocalInterface" class="AppserverIo\Appserver\Naming\InitialContextTest" file="/home/zelgerj/Repositories/appserver-io.appserver/tests/AppserverIo/Appserver/Naming/InitialContextTest.php" line="293" assertions="4" time="0.000283"/>
      <testcase name="testPopulateGlobalScopeWithoutInterface" class="AppserverIo\Appserver\Naming\InitialContextTest" file="/home/zelgerj/Repositories/appserver-io.appserver/tests/AppserverIo/Appserver/Naming/InitialContextTest.php" line="312" assertions="4" time="0.000279"/>
      <testcase name="testPopulateAppScopeWithRemoteInterface" class="AppserverIo\Appserver\Naming\InitialContextTest" file="/home/zelgerj/Repositories/appserver-io.appserver/tests/AppserverIo/Appserver/Naming/InitialContextTest.php" line="331" assertions="4" time="0.000354"/>
      <testcase name="testPopulateAppScopeWithLocalInterface" class="AppserverIo\Appserver\Naming\InitialContextTest" file="/home/zelgerj/Repositories/appserver-io.appserver/tests/AppserverIo/Appserver/Naming/InitialContextTest.php" line="350" assertions="4" time="0.000294"/>
      <testcase name="testPopulateAppScopeWithoutInterface" class="AppserverIo\Appserver\Naming\InitialContextTest" file="/home/zelgerj/Repositories/appserver-io.appserver/tests/AppserverIo/Appserver/Naming/InitialContextTest.php" line="369" assertions="4" time="0.000272"/>
    </testsuite>
    <testsuite name="AppserverIo\Appserver\Naming\NamingDirectoryTest" file="/home/zelgerj/Repositories/appserver-io.appserver/tests/AppserverIo/Appserver/Naming/NamingDirectoryTest.php" namespace="AppserverIo\Appserver\Naming" fullPackage="Appserver.Application" category="Server" package="Appserver" subpackage="Application" tests="6" assertions="7" failures="0" errors="0" time="0.001896">
      <testcase name="testSimpleBind" class="AppserverIo\Appserver\Naming\NamingDirectoryTest" file="/home/zelgerj/Repositories/appserver-io.appserver/tests/AppserverIo/Appserver/Naming/NamingDirectoryTest.php" line="62" assertions="1" time="0.000255"/>
      <testcase name="testCreateSubdirectory" class="AppserverIo\Appserver\Naming\NamingDirectoryTest" file="/home/zelgerj/Repositories/appserver-io.appserver/tests/AppserverIo/Appserver/Naming/NamingDirectoryTest.php" line="73" assertions="2" time="0.000258"/>
      <testcase name="testOneLevelDescendingRecursiveSearch" class="AppserverIo\Appserver\Naming\NamingDirectoryTest" file="/home/zelgerj/Repositories/appserver-io.appserver/tests/AppserverIo/Appserver/Naming/NamingDirectoryTest.php" line="91" assertions="1" time="0.000280"/>
      <testcase name="testTwoLevelDescendingRecursiveSearch" class="AppserverIo\Appserver\Naming\NamingDirectoryTest" file="/home/zelgerj/Repositories/appserver-io.appserver/tests/AppserverIo/Appserver/Naming/NamingDirectoryTest.php" line="108" assertions="1" time="0.000337"/>
      <testcase name="testThreeLevelDescendingRecursiveSearch" class="AppserverIo\Appserver\Naming\NamingDirectoryTest" file="/home/zelgerj/Repositories/appserver-io.appserver/tests/AppserverIo/Appserver/Naming/NamingDirectoryTest.php" line="126" assertions="1" time="0.000410"/>
      <testcase name="testSearchForASubdirectory" class="AppserverIo\Appserver\Naming\NamingDirectoryTest" file="/home/zelgerj/Repositories/appserver-io.appserver/tests/AppserverIo/Appserver/Naming/NamingDirectoryTest.php" line="144" assertions="1" time="0.000356"/>
    </testsuite>
    <testsuite name="AppserverIo\Appserver\Naming\ResourceIdentifierTest" file="/home/zelgerj/Repositories/appserver-io.appserver/tests/AppserverIo/Appserver/Naming/ResourceIdentifierTest.php" namespace="AppserverIo\Appserver\Naming" fullPackage="Appserver.Application" category="Library" package="Appserver" subpackage="Application" tests="1" assertions="10" failures="0" errors="0" time="0.000279">
      <testcase name="testPopulateFromUrl" class="AppserverIo\Appserver\Naming\ResourceIdentifierTest" file="/home/zelgerj/Repositories/appserver-io.appserver/tests/AppserverIo/Appserver/Naming/ResourceIdentifierTest.php" line="69" assertions="10" time="0.000279"/>
    </testsuite>
    <testsuite name="AppserverIo\Appserver\PersistenceContainer\ApplicationTest" file="/home/zelgerj/Repositories/appserver-io.appserver/tests/AppserverIo/Appserver/PersistenceContainer/ApplicationTest.php" namespace="AppserverIo\Appserver\PersistenceContainer" fullPackage="AppserverIo" package="AppserverIo" tests="1" assertions="1" failures="0" errors="0" time="0.000182">
      <testcase name="testDummy" class="AppserverIo\Appserver\PersistenceContainer\ApplicationTest" file="/home/zelgerj/Repositories/appserver-io.appserver/tests/AppserverIo/Appserver/PersistenceContainer/ApplicationTest.php" line="30" assertions="1" time="0.000182"/>
    </testsuite>
    <testsuite name="AppserverIo\Appserver\ServletEngine\DefaultSessionSettingsTest" file="/home/zelgerj/Repositories/appserver-io.appserver/tests/AppserverIo/Appserver/ServletEngine/DefaultSessionSettingsTest.php" namespace="AppserverIo\Appserver\ServletEngine" fullPackage="Appserver.Application" category="Server" package="Appserver" subpackage="Application" tests="1" assertions="1" failures="0" errors="0" time="0.002201">
      <testcase name="testGetSessionName" class="AppserverIo\Appserver\ServletEngine\DefaultSessionSettingsTest" file="/home/zelgerj/Repositories/appserver-io.appserver/tests/AppserverIo/Appserver/ServletEngine/DefaultSessionSettingsTest.php" line="61" assertions="1" time="0.002201"/>
    </testsuite>
    <testsuite name="AppserverIo\Appserver\WebSocketProtocol\WebSocketRequestTest" file="/home/zelgerj/Repositories/appserver-io.appserver/tests/AppserverIo/Appserver/WebSocketProtocol/WebSocketRequestTest.php" namespace="AppserverIo\Appserver\WebSocketProtocol" fullPackage="Appserver.WebSocketProtocol" category="Server" package="Appserver" subpackage="WebSocketProtocol" tests="1" assertions="1" failures="0" errors="0" time="0.000767">
      <testcase name="testSetGetHandlerPath" class="AppserverIo\Appserver\WebSocketProtocol\WebSocketRequestTest" file="/home/zelgerj/Repositories/appserver-io.appserver/tests/AppserverIo/Appserver/WebSocketProtocol/WebSocketRequestTest.php" line="69" assertions="1" time="0.000767"/>
    </testsuite>
    <testsuite name="AppserverIo\Appserver\WebSocketServer\DummyTest" file="/home/zelgerj/Repositories/appserver-io.appserver/tests/AppserverIo/Appserver/WebSocketServer/DummyTest.php" namespace="AppserverIo\Appserver\WebSocketServer" fullPackage="Appserver.Application" category="Server" package="Appserver" subpackage="Application" tests="1" assertions="1" failures="0" errors="0" time="0.000216">
      <testcase name="testDummy" class="AppserverIo\Appserver\WebSocketServer\DummyTest" file="/home/zelgerj/Repositories/appserver-io.appserver/tests/AppserverIo/Appserver/WebSocketServer/DummyTest.php" line="46" assertions="1" time="0.000216"/>
    </testsuite>
  </testsuite>
</testsuites>
